<?xml version="1.0" encoding="UTF-8"?>
<testng-results ignored="0" total="3" passed="3" failed="0" skipped="0">
  <reporter-output>
    <line>
      <![CDATA[Browser Launched]]>
    </line>
    <line>
      <![CDATA[Navigated to github.com]]>
    </line>
    <line>
      <![CDATA[Search box is available]]>
    </line>
    <line>
      <![CDATA[Autosuggestion dialog box is displayed]]>
    </line>
    <line>
      <![CDATA[Browser Launched]]>
    </line>
    <line>
      <![CDATA[Navigated to github.com]]>
    </line>
    <line>
      <![CDATA[Searched repository: vinayakkaladharbeam]]>
    </line>
    <line>
      <![CDATA[Repository: vinayakkaladharbeam is displayed]]>
    </line>
    <line>
      <![CDATA[Landed on the repository page: vinayakkaladharbeam]]>
    </line>
    <line>
      <![CDATA[Browser Launched]]>
    </line>
    <line>
      <![CDATA[Navigated to github.com]]>
    </line>
    <line>
      <![CDATA[Searching for file: vinayak]]>
    </line>
    <line>
      <![CDATA[No matching files found message is displayed]]>
    </line>
    <line>
      <![CDATA[Searching for file: readme]]>
    </line>
    <line>
      <![CDATA[File:readme is displayed]]>
    </line>
  </reporter-output>
  <suite started-at="2021-05-22T11:36:23 IST" name="All Test Suite" finished-at="2021-05-22T11:36:35 IST" duration-ms="12059">
    <groups>
    </groups>
    <test started-at="2021-05-22T11:36:23 IST" name="/Users/cb-vinayak/work/selenium/src/test/java/GitHubSearch.java" finished-at="2021-05-22T11:36:35 IST" duration-ms="12059">
      <class name="GitHubSearch">
        <test-method is-config="true" signature="setUp()[pri:0, instance:GitHubSearch@81ff872]" started-at="2021-05-22T11:36:23 IST" name="setUp" finished-at="2021-05-22T11:36:23 IST" duration-ms="7" status="PASS">
          <reporter-output>
            <line>
              <![CDATA[Browser Launched]]>
            </line>
          </reporter-output>
        </test-method> <!-- setUp -->
        <test-method signature="verifyNavigationToGitHub()[pri:0, instance:GitHubSearch@81ff872]" started-at="2021-05-22T11:36:23 IST" name="verifyNavigationToGitHub" description="Navigation to github.com" finished-at="2021-05-22T11:36:27 IST" duration-ms="3817" status="PASS">
          <reporter-output>
            <line>
              <![CDATA[Navigated to github.com]]>
            </line>
            <line>
              <![CDATA[Search box is available]]>
            </line>
            <line>
              <![CDATA[Autosuggestion dialog box is displayed]]>
            </line>
          </reporter-output>
        </test-method> <!-- verifyNavigationToGitHub -->
        <test-method is-config="true" signature="closeDriver()[pri:0, instance:GitHubSearch@81ff872]" started-at="2021-05-22T11:36:27 IST" name="closeDriver" finished-at="2021-05-22T11:36:27 IST" duration-ms="0" status="PASS">
          <reporter-output>
          </reporter-output>
        </test-method> <!-- closeDriver -->
        <test-method is-config="true" signature="setUp()[pri:0, instance:GitHubSearch@81ff872]" started-at="2021-05-22T11:36:27 IST" name="setUp" finished-at="2021-05-22T11:36:27 IST" duration-ms="0" status="PASS">
          <reporter-output>
            <line>
              <![CDATA[Browser Launched]]>
            </line>
          </reporter-output>
        </test-method> <!-- setUp -->
        <test-method signature="VerifyNavigationToRepository()[pri:1, instance:GitHubSearch@81ff872]" started-at="2021-05-22T11:36:27 IST" name="VerifyNavigationToRepository" description="Verify navigation to repository" finished-at="2021-05-22T11:36:29 IST" duration-ms="2071" status="PASS">
          <reporter-output>
            <line>
              <![CDATA[Navigated to github.com]]>
            </line>
            <line>
              <![CDATA[Searched repository: vinayakkaladharbeam]]>
            </line>
            <line>
              <![CDATA[Repository: vinayakkaladharbeam is displayed]]>
            </line>
            <line>
              <![CDATA[Landed on the repository page: vinayakkaladharbeam]]>
            </line>
          </reporter-output>
        </test-method> <!-- VerifyNavigationToRepository -->
        <test-method is-config="true" signature="closeDriver()[pri:0, instance:GitHubSearch@81ff872]" started-at="2021-05-22T11:36:29 IST" name="closeDriver" finished-at="2021-05-22T11:36:29 IST" duration-ms="0" status="PASS">
          <reporter-output>
          </reporter-output>
        </test-method> <!-- closeDriver -->
        <test-method is-config="true" signature="setUp()[pri:0, instance:GitHubSearch@81ff872]" started-at="2021-05-22T11:36:29 IST" name="setUp" finished-at="2021-05-22T11:36:29 IST" duration-ms="0" status="PASS">
          <reporter-output>
            <line>
              <![CDATA[Browser Launched]]>
            </line>
          </reporter-output>
        </test-method> <!-- setUp -->
        <test-method signature="verifySearchFileFunctionality()[pri:2, instance:GitHubSearch@81ff872]" started-at="2021-05-22T11:36:29 IST" name="verifySearchFileFunctionality" description="Verify searching files inside the repository" finished-at="2021-05-22T11:36:35 IST" duration-ms="6124" status="PASS">
          <reporter-output>
            <line>
              <![CDATA[Navigated to github.com]]>
            </line>
            <line>
              <![CDATA[Searching for file: vinayak]]>
            </line>
            <line>
              <![CDATA[No matching files found message is displayed]]>
            </line>
            <line>
              <![CDATA[Searching for file: readme]]>
            </line>
            <line>
              <![CDATA[File:readme is displayed]]>
            </line>
          </reporter-output>
        </test-method> <!-- verifySearchFileFunctionality -->
        <test-method is-config="true" signature="closeDriver()[pri:0, instance:GitHubSearch@81ff872]" started-at="2021-05-22T11:36:35 IST" name="closeDriver" finished-at="2021-05-22T11:36:35 IST" duration-ms="0" status="PASS">
          <reporter-output>
          </reporter-output>
        </test-method> <!-- closeDriver -->
      </class> <!-- GitHubSearch -->
    </test> <!-- /Users/cb-vinayak/work/selenium/src/test/java/GitHubSearch.java -->
  </suite> <!-- All Test Suite -->
</testng-results>
