<?xml version="1.0" encoding="UTF-8"?>
<!-- Generated by org.testng.reporters.JUnitXMLReporter -->
<testsuite ignored="0" hostname="Users-MacBook-Pro.local" failures="0" tests="4" name="/Users/cb-vinayak/work/selenium/src/test/java/GoogleSearch.java" time="19.04" errors="0" timestamp="2021-05-22T10:06:31 IST">
  <testcase classname="GoogleSearch" name="verifyHomeSearchPage" time="2.906"/>
  <testcase classname="GoogleSearch" name="verifySearchingContent" time="5.34"/>
  <testcase classname="GoogleSearch" name="verifyPaginationCheck" time="5.099"/>
  <testcase classname="GoogleSearch" name="verifyLanguageChange" time="5.634"/>
</testsuite> <!-- /Users/cb-vinayak/work/selenium/src/test/java/GoogleSearch.java -->
