<?xml version="1.0" encoding="UTF-8"?>
<!-- Generated by org.testng.reporters.JUnitXMLReporter -->
<testsuite ignored="0" hostname="Users-MacBook-Pro.local" failures="0" tests="3" name="/Users/cb-vinayak/work/selenium/src/test/java/GitHubSearch.java" time="12.059" errors="0" timestamp="2021-05-22T11:36:40 IST">
  <testcase classname="GitHubSearch" name="verifyNavigationToGitHub" time="3.817"/>
  <testcase classname="GitHubSearch" name="VerifyNavigationToRepository" time="2.071"/>
  <testcase classname="GitHubSearch" name="verifySearchFileFunctionality" time="6.124"/>
</testsuite> <!-- /Users/cb-vinayak/work/selenium/src/test/java/GitHubSearch.java -->
